2024-01-29 11:53:17,758 - DEBUG - Starting new HTTPS connection (1): app.flowto.ir:443
2024-01-29 11:53:19,161 - DEBUG - https://app.flowto.ir:443 "POST /rest/login HTTP/1.1" 200 None
2024-01-29 11:53:19,161 - DEBUG - Starting new HTTPS connection (1): data-api.flowto.ir:443
2024-01-29 11:53:19,789 - DEBUG - https://data-api.flowto.ir:443 "POST /user/token HTTP/1.1" 200 None
2024-01-29 11:53:20,164 - DEBUG - Starting new HTTPS connection (1): app.flowto.ir:443
2024-01-29 11:53:20,751 - DEBUG - https://app.flowto.ir:443 "POST /rest/users HTTP/1.1" 200 None
2024-01-29 11:53:20,751 - DEBUG - example6@gmail.com in n8n is created.
2024-01-29 11:53:20,761 - DEBUG - Starting new HTTPS connection (1): app.flowto.ir:443
2024-01-29 11:53:21,892 - DEBUG - https://app.flowto.ir:443 "POST /rest/users/7a115e6b-af9c-4970-8cc7-7eaa4cf66a9c HTTP/1.1" 200 None
2024-01-29 11:53:21,892 - DEBUG - example6@gmail.com in n8n is created(registered)
2024-01-29 11:53:21,903 - DEBUG - Starting new HTTPS connection (1): data-api.flowto.ir:443
2024-01-29 11:53:22,390 - DEBUG - https://data-api.flowto.ir:443 "POST /user HTTP/1.1" 200 70
2024-01-29 11:54:13,117 - DEBUG - Starting new HTTPS connection (1): app.flowto.ir:443
2024-01-29 11:54:14,276 - DEBUG - https://app.flowto.ir:443 "POST /rest/login HTTP/1.1" 200 None
2024-01-29 11:54:14,279 - DEBUG - Starting new HTTPS connection (1): data-api.flowto.ir:443
2024-01-29 11:54:14,810 - DEBUG - https://data-api.flowto.ir:443 "POST /user/token HTTP/1.1" 200 None
2024-01-29 11:54:15,039 - DEBUG - Starting new HTTPS connection (1): app.flowto.ir:443
2024-01-29 11:54:15,557 - DEBUG - https://app.flowto.ir:443 "POST /rest/users HTTP/1.1" 200 None
2024-01-29 11:54:15,557 - DEBUG - example6@gmail.com in n8n is created.
2024-01-29 11:54:15,557 - DEBUG - Starting new HTTPS connection (1): app.flowto.ir:443
2024-01-29 11:54:16,684 - DEBUG - https://app.flowto.ir:443 "POST /rest/users/fb79b498-6dfd-42be-b890-a02479c0c8f9 HTTP/1.1" 200 None
2024-01-29 11:54:16,684 - DEBUG - example6@gmail.com in n8n is created(registered)
2024-01-29 11:54:16,684 - DEBUG - Starting new HTTPS connection (1): data-api.flowto.ir:443
2024-01-29 11:54:17,171 - DEBUG - https://data-api.flowto.ir:443 "POST /user HTTP/1.1" 200 70
2024-01-29 11:54:17,201 - DEBUG - example6@gmail.com in Trackardi is created
2024-01-29 11:54:17,201 - DEBUG - Starting new HTTPS connection (1): api.kavenegar.com:443
2024-01-29 11:54:17,793 - DEBUG - https://api.kavenegar.com:443 "POST /v1/7571313234546652435734733746664F316130664C30326153704A7436384C2B/sms/send.json?receptor=9381088235&sender=10004624&message=%20your%20username%20is%20your%20email%20and%20your%20password%20=%204kTWgnoA HTTP/1.1" 200 282
2024-01-29 11:54:17,793 - DEBUG - send username and password whit sms
2024-01-29 11:54:17,793 - DEBUG - Starting new HTTPS connection (1): app.flowto.ir:443
2024-01-29 11:54:18,302 - DEBUG - https://app.flowto.ir:443 "POST /rest/users HTTP/1.1" 200 None
2024-01-29 11:54:18,302 - DEBUG - example2@gmail.com in n8n is created.
2024-01-29 11:54:18,302 - DEBUG - Starting new HTTPS connection (1): app.flowto.ir:443
2024-01-29 11:54:19,580 - DEBUG - https://app.flowto.ir:443 "POST /rest/users/b8ebd248-218f-4769-a6e0-77a377703557 HTTP/1.1" 200 None
2024-01-29 11:54:19,580 - DEBUG - example2@gmail.com in n8n is created(registered)
2024-01-29 11:54:19,580 - DEBUG - Starting new HTTPS connection (1): data-api.flowto.ir:443
2024-01-29 11:54:20,053 - DEBUG - https://data-api.flowto.ir:443 "POST /user HTTP/1.1" 200 70
2024-01-29 11:54:20,073 - DEBUG - example2@gmail.com in Trackardi is created
2024-01-29 11:54:20,073 - DEBUG - Starting new HTTPS connection (1): api.kavenegar.com:443
2024-01-29 11:54:20,566 - DEBUG - https://api.kavenegar.com:443 "POST /v1/7571313234546652435734733746664F316130664C30326153704A7436384C2B/sms/send.json?receptor=9306498871&sender=10004624&message=%20your%20username%20is%20your%20email%20and%20your%20password%20=%207Ab1160p HTTP/1.1" 200 282
2024-01-29 11:54:20,576 - DEBUG - send username and password whit sms
